[14-Sep-2022 21:55:18] NOTICE: fpm is running, pid 158
[14-Sep-2022 21:55:18] NOTICE: ready to handle connections
[14-Sep-2022 21:55:11] NOTICE: fpm is running, pid 144
[14-Sep-2022 21:55:11] NOTICE: ready to handle connections
[14-Sep-2022 21:55:53] NOTICE: Terminating ...
[14-Sep-2022 21:55:53] NOTICE: exiting, bye-bye!
[14-Sep-2022 21:55:10] NOTICE: fpm is running, pid 145
[14-Sep-2022 21:55:10] NOTICE: ready to handle connections
[14-Sep-2022 21:57:13] NOTICE: Terminating ...
[14-Sep-2022 21:57:13] NOTICE: exiting, bye-bye!
[01-Nov-2022 05:37:00] NOTICE: fpm is running, pid 140
[01-Nov-2022 05:37:00] NOTICE: ready to handle connections
[01-Nov-2022 05:44:34] NOTICE: Terminating ...
[01-Nov-2022 05:44:34] NOTICE: exiting, bye-bye!
[01-Nov-2022 06:27:30] NOTICE: fpm is running, pid 141
[01-Nov-2022 06:27:30] NOTICE: ready to handle connections
[01-Nov-2022 06:29:32] NOTICE: Terminating ...
[01-Nov-2022 06:29:32] NOTICE: exiting, bye-bye!
[01-Nov-2022 06:40:02] NOTICE: fpm is running, pid 143
[01-Nov-2022 06:40:02] NOTICE: ready to handle connections
[01-Nov-2022 08:20:13] NOTICE: fpm is running, pid 144
[01-Nov-2022 08:20:13] NOTICE: ready to handle connections
[01-Nov-2022 08:21:29] NOTICE: Terminating ...
[01-Nov-2022 08:21:29] NOTICE: exiting, bye-bye!
[01-Nov-2022 08:24:22] NOTICE: fpm is running, pid 144
[01-Nov-2022 08:24:22] NOTICE: ready to handle connections
[14-Sep-2022 21:55:12] NOTICE: fpm is running, pid 143
[14-Sep-2022 21:55:12] NOTICE: ready to handle connections
[01-Nov-2022 12:48:07] NOTICE: Terminating ...
[01-Nov-2022 12:48:07] NOTICE: exiting, bye-bye!
[02-Nov-2022 12:47:14] NOTICE: fpm is running, pid 145
[02-Nov-2022 12:47:14] NOTICE: ready to handle connections
[14-Sep-2022 21:56:53] NOTICE: fpm is running, pid 146
[14-Sep-2022 21:56:53] NOTICE: ready to handle connections
[02-Nov-2022 17:14:51] NOTICE: Terminating ...
[02-Nov-2022 17:14:51] NOTICE: exiting, bye-bye!
[03-Nov-2022 16:55:13] NOTICE: fpm is running, pid 144
[03-Nov-2022 16:55:13] NOTICE: ready to handle connections
[03-Nov-2022 17:34:48] NOTICE: Terminating ...
[03-Nov-2022 17:34:48] NOTICE: exiting, bye-bye!
[14-Sep-2022 21:55:06] NOTICE: fpm is running, pid 144
[14-Sep-2022 21:55:06] NOTICE: ready to handle connections
[14-Sep-2022 21:55:31] NOTICE: fpm is running, pid 144
[14-Sep-2022 21:55:31] NOTICE: ready to handle connections
[04-Nov-2022 00:27:40] NOTICE: Terminating ...
[04-Nov-2022 00:27:40] NOTICE: exiting, bye-bye!
[04-Nov-2022 00:29:06] NOTICE: fpm is running, pid 144
[04-Nov-2022 00:29:06] NOTICE: ready to handle connections
[04-Nov-2022 03:34:46] NOTICE: Terminating ...
[04-Nov-2022 03:34:46] NOTICE: exiting, bye-bye!
[04-Nov-2022 03:36:09] NOTICE: fpm is running, pid 142
[04-Nov-2022 03:36:09] NOTICE: ready to handle connections
[04-Nov-2022 05:31:03] NOTICE: Terminating ...
[04-Nov-2022 05:31:03] NOTICE: exiting, bye-bye!
[04-Nov-2022 06:04:39] NOTICE: fpm is running, pid 142
[04-Nov-2022 06:04:39] NOTICE: ready to handle connections
[04-Nov-2022 07:45:22] NOTICE: Terminating ...
[04-Nov-2022 07:45:22] NOTICE: exiting, bye-bye!
[14-Sep-2022 21:55:03] NOTICE: fpm is running, pid 145
[14-Sep-2022 21:55:03] NOTICE: ready to handle connections
[04-Nov-2022 11:12:58] NOTICE: Terminating ...
[04-Nov-2022 11:12:58] NOTICE: exiting, bye-bye!
[04-Nov-2022 11:14:18] NOTICE: fpm is running, pid 144
[04-Nov-2022 11:14:18] NOTICE: ready to handle connections
[04-Nov-2022 20:31:08] NOTICE: Terminating ...
[04-Nov-2022 20:31:08] NOTICE: exiting, bye-bye!
[14-Sep-2022 21:57:01] NOTICE: fpm is running, pid 145
[14-Sep-2022 21:57:01] NOTICE: ready to handle connections
[05-Nov-2022 05:19:05] NOTICE: Terminating ...
[05-Nov-2022 05:19:05] NOTICE: exiting, bye-bye!
[14-Sep-2022 21:55:50] NOTICE: fpm is running, pid 144
[14-Sep-2022 21:55:50] NOTICE: ready to handle connections
[05-Nov-2022 05:22:53] NOTICE: Terminating ...
[05-Nov-2022 05:22:53] NOTICE: exiting, bye-bye!
[14-Sep-2022 21:55:08] NOTICE: fpm is running, pid 143
[14-Sep-2022 21:55:08] NOTICE: ready to handle connections
[05-Nov-2022 05:26:32] NOTICE: Terminating ...
[05-Nov-2022 05:26:32] NOTICE: exiting, bye-bye!
[14-Sep-2022 21:55:03] NOTICE: fpm is running, pid 144
[14-Sep-2022 21:55:03] NOTICE: ready to handle connections
[05-Nov-2022 09:24:22] NOTICE: Terminating ...
[05-Nov-2022 09:24:22] NOTICE: exiting, bye-bye!
[05-Nov-2022 11:51:48] NOTICE: fpm is running, pid 141
[05-Nov-2022 11:51:48] NOTICE: ready to handle connections
[05-Nov-2022 16:10:59] NOTICE: Terminating ...
[05-Nov-2022 16:10:59] NOTICE: exiting, bye-bye!
[05-Nov-2022 16:16:39] NOTICE: fpm is running, pid 146
[05-Nov-2022 16:16:39] NOTICE: ready to handle connections
[05-Nov-2022 19:24:19] NOTICE: Terminating ...
[05-Nov-2022 19:24:19] NOTICE: exiting, bye-bye!
[05-Nov-2022 19:25:51] NOTICE: fpm is running, pid 143
[05-Nov-2022 19:25:51] NOTICE: ready to handle connections
[05-Nov-2022 20:01:04] NOTICE: Terminating ...
[05-Nov-2022 20:01:04] NOTICE: exiting, bye-bye!
[05-Nov-2022 20:02:28] NOTICE: fpm is running, pid 143
[05-Nov-2022 20:02:28] NOTICE: ready to handle connections
[05-Nov-2022 20:12:47] NOTICE: Terminating ...
[05-Nov-2022 20:12:47] NOTICE: exiting, bye-bye!
[05-Nov-2022 20:14:16] NOTICE: fpm is running, pid 144
[05-Nov-2022 20:14:16] NOTICE: ready to handle connections
[05-Nov-2022 20:59:54] NOTICE: Terminating ...
[05-Nov-2022 20:59:54] NOTICE: exiting, bye-bye!
[14-Sep-2022 21:55:05] NOTICE: fpm is running, pid 142
[14-Sep-2022 21:55:05] NOTICE: ready to handle connections
[06-Nov-2022 04:59:32] NOTICE: Terminating ...
[06-Nov-2022 04:59:32] NOTICE: exiting, bye-bye!
[06-Nov-2022 05:00:56] NOTICE: fpm is running, pid 147
[06-Nov-2022 05:00:56] NOTICE: ready to handle connections
[14-Sep-2022 21:55:08] NOTICE: fpm is running, pid 144
[14-Sep-2022 21:55:08] NOTICE: ready to handle connections
[06-Nov-2022 19:10:54] NOTICE: fpm is running, pid 149
[06-Nov-2022 19:10:54] NOTICE: ready to handle connections
[06-Nov-2022 19:11:27] NOTICE: fpm is running, pid 142
[06-Nov-2022 19:11:27] NOTICE: ready to handle connections
[06-Nov-2022 20:53:52] NOTICE: Terminating ...
[06-Nov-2022 20:53:52] NOTICE: exiting, bye-bye!
[07-Nov-2022 08:43:28] NOTICE: fpm is running, pid 165
[07-Nov-2022 08:43:28] NOTICE: ready to handle connections
[07-Nov-2022 08:44:14] NOTICE: Terminating ...
[07-Nov-2022 08:44:14] NOTICE: exiting, bye-bye!
[07-Nov-2022 11:02:29] NOTICE: fpm is running, pid 165
[07-Nov-2022 11:02:29] NOTICE: ready to handle connections
